<?xml version="1.0" encoding="UTF-8"?>
<testng-results total="1" passed="1" failed="0" skipped="0">
  <reporter-output>
    <line>
      <![CDATA[User is loggged in Successfully]]>
    </line>
  </reporter-output>
  <suite started-at="2020-01-19T11:00:26Z" name="base.selenium.AppTest" finished-at="2020-01-19T11:01:13Z" duration-ms="46722">
    <groups>
    </groups>
    <test started-at="2020-01-19T11:00:26Z" name="Command line test" finished-at="2020-01-19T11:01:13Z" duration-ms="46722">
      <class name="base.selenium.AppTest">
        <test-method is-config="true" signature="urlNavigate()[pri:0, instance:base.selenium.AppTest@61322f9d]" started-at="2020-01-19T16:30:26Z" name="urlNavigate" finished-at="2020-01-19T16:31:03Z" duration-ms="36995" status="PASS">
          <reporter-output>
          </reporter-output>
        </test-method> <!-- urlNavigate -->
        <test-method signature="naukariLogIn()[pri:0, instance:base.selenium.AppTest@61322f9d]" started-at="2020-01-19T16:31:03Z" name="naukariLogIn" description="Login to the Naukari websites and Verify successfull login" finished-at="2020-01-19T16:31:11Z" duration-ms="7938" status="PASS">
          <reporter-output>
            <line>
              <![CDATA[User is loggged in Successfully]]>
            </line>
          </reporter-output>
        </test-method> <!-- naukariLogIn -->
        <test-method is-config="true" signature="quit()[pri:0, instance:base.selenium.AppTest@61322f9d]" started-at="2020-01-19T16:31:11Z" name="quit" finished-at="2020-01-19T16:31:13Z" duration-ms="1511" status="PASS">
          <reporter-output>
          </reporter-output>
        </test-method> <!-- quit -->
      </class> <!-- base.selenium.AppTest -->
    </test> <!-- Command line test -->
  </suite> <!-- base.selenium.AppTest -->
</testng-results>
