<?xml version="1.0" encoding="UTF-8"?>
<testng-results total="1" passed="1" failed="0" skipped="0">
  <reporter-output>
    <line>
      <![CDATA[User is loggged in Successfully]]>
    </line>
  </reporter-output>
  <suite started-at="2020-01-12T18:36:52Z" name="Suite" finished-at="2020-01-12T18:37:15Z" duration-ms="22645">
    <groups>
    </groups>
    <test started-at="2020-01-12T18:36:52Z" name="Test" finished-at="2020-01-12T18:37:15Z" duration-ms="22645">
      <class name="base.selenium.AppTest">
        <test-method is-config="true" signature="urlNavigate()[pri:0, instance:base.selenium.AppTest@11fc564b]" started-at="2020-01-13T00:06:52Z" name="urlNavigate" finished-at="2020-01-13T00:07:13Z" duration-ms="20095" status="PASS">
          <reporter-output>
          </reporter-output>
        </test-method> <!-- urlNavigate -->
        <test-method signature="naukariLogIn()[pri:0, instance:base.selenium.AppTest@11fc564b]" started-at="2020-01-13T00:07:13Z" name="naukariLogIn" finished-at="2020-01-13T00:07:14Z" duration-ms="1677" status="PASS">
          <reporter-output>
            <line>
              <![CDATA[User is loggged in Successfully]]>
            </line>
          </reporter-output>
        </test-method> <!-- naukariLogIn -->
        <test-method is-config="true" signature="quit()[pri:0, instance:base.selenium.AppTest@11fc564b]" started-at="2020-01-13T00:07:14Z" name="quit" finished-at="2020-01-13T00:07:15Z" duration-ms="848" status="PASS">
          <reporter-output>
          </reporter-output>
        </test-method> <!-- quit -->
      </class> <!-- base.selenium.AppTest -->
    </test> <!-- Test -->
  </suite> <!-- Suite -->
</testng-results>
